<?xml version="1.0" encoding="UTF-8"?>
<!-- Generated by org.testng.reporters.JUnitReportReporter -->
<testsuite hostname="LTIN515409" failures="0" tests="1" name="project_files.MainProject" time="3.594" errors="0" timestamp="2025-06-19T10:08:15 IST" skipped="0">
  <testcase classname="project_files.MainProject" name="setUpDriver" time="3.594"/>
</testsuite> <!-- project_files.MainProject -->
