<?xml version="1.0" encoding="UTF-8"?>
<!-- Generated by org.testng.reporters.JUnitReportReporter -->
<testsuite hostname="LTIN515409" failures="0" tests="1" name="ProjectTestMethods.TestProject" time="5.029" errors="0" timestamp="2025-06-27T12:06:23 IST" skipped="0">
  <testcase classname="ProjectTestMethods.TestProject" name="testSignUp" time="5.029"/>
</testsuite> <!-- ProjectTestMethods.TestProject -->
